0 info it worked if it ends with ok
1 verbose cli [ '/usr/bin/node',
1 verbose cli   '/usr/bin/npm',
1 verbose cli   'install',
1 verbose cli   '--global',
1 verbose cli   'prettier' ]
2 info using npm@3.5.2
3 info using node@v8.10.0
4 silly loadCurrentTree Starting
5 silly install loadCurrentTree
6 silly install readGlobalPackageData
7 silly fetchPackageMetaData prettier
8 silly fetchNamedPackageData prettier
9 silly mapToRegistry name prettier
10 silly mapToRegistry using default registry
11 silly mapToRegistry registry https://registry.npmjs.org/
12 silly mapToRegistry uri https://registry.npmjs.org/prettier
13 verbose request uri https://registry.npmjs.org/prettier
14 verbose request no auth needed
15 info attempt registry request try #1 at 7:53:08 PM
16 verbose request id 8db39beb6cb9f3d0
17 verbose etag W/"a2b8f04a69de28bed0c780a8fd1093f4"
18 verbose lastModified Sun, 03 Feb 2019 12:31:28 GMT
19 http request GET https://registry.npmjs.org/prettier
20 http 304 https://registry.npmjs.org/prettier
21 verbose headers { date: 'Mon, 04 Mar 2019 22:53:08 GMT',
21 verbose headers   connection: 'keep-alive',
21 verbose headers   'set-cookie':
21 verbose headers    [ '__cfduid=d5ea74279f964ad6498ee755f7713357f1551739988; expires=Tue, 03-Mar-20 22:53:08 GMT; path=/; domain=.registry.npmjs.org; HttpOnly' ],
21 verbose headers   'cf-cache-status': 'HIT',
21 verbose headers   'cache-control': 'max-age=300',
21 verbose headers   'cf-ray': '4b276cb03b5987b2-GIG',
21 verbose headers   etag: '"a2b8f04a69de28bed0c780a8fd1093f4"',
21 verbose headers   'expect-ct': 'max-age=604800, report-uri="https://report-uri.cloudflare.com/cdn-cgi/beacon/expect-ct"',
21 verbose headers   'last-modified': 'Sun, 03 Feb 2019 12:31:28 GMT',
21 verbose headers   vary: 'accept-encoding, accept',
21 verbose headers   'x-amz-meta-rev': '164-a6cfe71cf99c780d364c00f6c0487024',
21 verbose headers   server: 'cloudflare' }
22 silly get cb [ 304,
22 silly get   { date: 'Mon, 04 Mar 2019 22:53:08 GMT',
22 silly get     connection: 'keep-alive',
22 silly get     'set-cookie':
22 silly get      [ '__cfduid=d5ea74279f964ad6498ee755f7713357f1551739988; expires=Tue, 03-Mar-20 22:53:08 GMT; path=/; domain=.registry.npmjs.org; HttpOnly' ],
22 silly get     'cf-cache-status': 'HIT',
22 silly get     'cache-control': 'max-age=300',
22 silly get     'cf-ray': '4b276cb03b5987b2-GIG',
22 silly get     etag: '"a2b8f04a69de28bed0c780a8fd1093f4"',
22 silly get     'expect-ct': 'max-age=604800, report-uri="https://report-uri.cloudflare.com/cdn-cgi/beacon/expect-ct"',
22 silly get     'last-modified': 'Sun, 03 Feb 2019 12:31:28 GMT',
22 silly get     vary: 'accept-encoding, accept',
22 silly get     'x-amz-meta-rev': '164-a6cfe71cf99c780d364c00f6c0487024',
22 silly get     server: 'cloudflare' } ]
23 verbose etag https://registry.npmjs.org/prettier from cache
24 verbose get saving prettier to /home/amanda/.npm/registry.npmjs.org/prettier/.cache.json
25 silly install normalizeTree
26 silly loadCurrentTree Finishing
27 silly loadIdealTree Starting
28 silly install loadIdealTree
29 silly cloneCurrentTree Starting
30 silly install cloneCurrentTreeToIdealTree
31 silly cloneCurrentTree Finishing
32 silly loadShrinkwrap Starting
33 silly install loadShrinkwrap
34 silly loadShrinkwrap Finishing
35 silly loadAllDepsIntoIdealTree Starting
36 silly install loadAllDepsIntoIdealTree
37 silly resolveWithNewModule prettier@1.16.4 checking installable status
38 silly cache add args [ 'prettier', null ]
39 verbose cache add spec prettier
40 silly cache add parsed spec Result {
40 silly cache add   raw: 'prettier',
40 silly cache add   scope: null,
40 silly cache add   name: 'prettier',
40 silly cache add   rawSpec: '',
40 silly cache add   spec: 'latest',
40 silly cache add   type: 'tag' }
41 silly addNamed prettier@latest
42 verbose addNamed "latest" is being treated as a dist-tag for prettier
43 info addNameTag [ 'prettier', 'latest' ]
44 silly mapToRegistry name prettier
45 silly mapToRegistry using default registry
46 silly mapToRegistry registry https://registry.npmjs.org/
47 silly mapToRegistry uri https://registry.npmjs.org/prettier
48 verbose addNameTag registry:https://registry.npmjs.org/prettier not in flight; fetching
49 verbose get https://registry.npmjs.org/prettier not expired, no request
50 silly addNameTag next cb for prettier with tag latest
51 silly addNamed prettier@1.16.4
52 verbose addNamed "1.16.4" is a plain semver version for prettier
53 silly cache afterAdd prettier@1.16.4
54 verbose afterAdd /home/amanda/.npm/prettier/1.16.4/package/package.json not in flight; writing
55 verbose afterAdd /home/amanda/.npm/prettier/1.16.4/package/package.json written
56 silly loadAllDepsIntoIdealTree Finishing
57 silly idealTree:prePrune lib
57 silly idealTree:prePrune └── prettier@1.16.4
58 silly loadIdealTree Finishing
59 silly currentTree lib
60 silly idealTree lib
60 silly idealTree └── prettier@1.16.4
61 silly generateActionsToTake Starting
62 silly install generateActionsToTake
63 warn checkPermissions Missing write access to /usr/local/lib
64 silly rollbackFailedOptional Starting
65 silly rollbackFailedOptional Finishing
66 silly runTopLevelLifecycles Starting
67 silly runTopLevelLifecycles Finishing
68 silly install printInstalled
69 verbose stack Error: EACCES: permission denied, access '/usr/local/lib'
70 verbose cwd /home/amanda/Documents/git/psel-frontend/src
71 error Linux 4.15.0-45-generic
72 error argv "/usr/bin/node" "/usr/bin/npm" "install" "--global" "prettier"
73 error node v8.10.0
74 error npm  v3.5.2
75 error path /usr/local/lib
76 error code EACCES
77 error errno -13
78 error syscall access
79 error Error: EACCES: permission denied, access '/usr/local/lib'
79 error  { Error: EACCES: permission denied, access '/usr/local/lib'
79 error   errno: -13,
79 error   code: 'EACCES',
79 error   syscall: 'access',
79 error   path: '/usr/local/lib' }
80 error Please try running this command again as root/Administrator.
81 verbose exit [ -13, true ]
